<?xml version="1.0" encoding="UTF-8"?>
<robot generator="Robot 4.0.3 (Python 3.9.0 on win32)" generated="20210814 17:04:39.634" rpa="false" schemaversion="2">
<suite id="s1" name="Login IPST" source="D:\Work\สสวท\IPST-Project\TestCases\Login_IPST.robot">
<test id="s1-t1" name="Login Should Be Success">
<kw name="Open Browser" library="SeleniumLibrary" type="SETUP">
<arg>${URL_IPST}</arg>
<arg>chrome</arg>
<doc>Opens a new browser instance to the optional ``url``.</doc>
<msg timestamp="20210814 17:04:39.842" level="INFO">Opening browser 'chrome' to base url 'http://202.139.199.68:3000/'.</msg>
<status status="PASS" starttime="20210814 17:04:39.842" endtime="20210814 17:04:44.156"/>
</kw>
<kw name="Wait And Click Element" library="Common">
<arg>${LOGIN_IPST.LOGIN.BTN}</arg>
<kw name="Wait Until Element Is Visible" library="SeleniumLibrary">
<arg>${element}</arg>
<doc>Waits until the element ``locator`` is visible.</doc>
<status status="PASS" starttime="20210814 17:04:44.158" endtime="20210814 17:04:44.185"/>
</kw>
<kw name="Click Element" library="SeleniumLibrary">
<arg>${element}</arg>
<doc>Click the element identified by ``locator``.</doc>
<msg timestamp="20210814 17:04:44.186" level="INFO">Clicking element 'xPath=//button[@class='chakra-button css-11p5me7']'.</msg>
<status status="PASS" starttime="20210814 17:04:44.185" endtime="20210814 17:04:44.311"/>
</kw>
<status status="PASS" starttime="20210814 17:04:44.157" endtime="20210814 17:04:44.311"/>
</kw>
<kw name="Wait And Click Element" library="Common">
<arg>${LOGIN_IPST.EMAIL.BTN}</arg>
<kw name="Wait Until Element Is Visible" library="SeleniumLibrary">
<arg>${element}</arg>
<doc>Waits until the element ``locator`` is visible.</doc>
<status status="PASS" starttime="20210814 17:04:44.313" endtime="20210814 17:04:44.344"/>
</kw>
<kw name="Click Element" library="SeleniumLibrary">
<arg>${element}</arg>
<doc>Click the element identified by ``locator``.</doc>
<msg timestamp="20210814 17:04:44.345" level="INFO">Clicking element 'xPath=//button[@class='chakra-button css-fiehvx']'.</msg>
<status status="PASS" starttime="20210814 17:04:44.344" endtime="20210814 17:04:44.405"/>
</kw>
<status status="PASS" starttime="20210814 17:04:44.312" endtime="20210814 17:04:44.406"/>
</kw>
<kw name="Wait And Fill Text" library="Common">
<arg>${LOGIN_IPST.EMAIL.FIELD}</arg>
<arg>${LOGIN_EMAIL}</arg>
<kw name="Wait Until Element Is Visible" library="SeleniumLibrary">
<arg>${locator}</arg>
<doc>Waits until the element ``locator`` is visible.</doc>
<status status="PASS" starttime="20210814 17:04:44.407" endtime="20210814 17:04:44.434"/>
</kw>
<kw name="Input Text" library="SeleniumLibrary">
<arg>${locator}</arg>
<arg>${text}</arg>
<doc>Types the given ``text`` into the text field identified by ``locator``.</doc>
<msg timestamp="20210814 17:04:44.435" level="INFO">Typing text 'teacher@gmail.com' into text field 'xPath=//input[@name='email']'.</msg>
<status status="PASS" starttime="20210814 17:04:44.435" endtime="20210814 17:04:44.532"/>
</kw>
<status status="PASS" starttime="20210814 17:04:44.406" endtime="20210814 17:04:44.532"/>
</kw>
<kw name="Wait And Fill Text" library="Common">
<arg>${LOGIN_IPST.PASSWORD.FIELD}</arg>
<arg>${LOGIN_PASSWORD}</arg>
<kw name="Wait Until Element Is Visible" library="SeleniumLibrary">
<arg>${locator}</arg>
<doc>Waits until the element ``locator`` is visible.</doc>
<status status="PASS" starttime="20210814 17:04:44.533" endtime="20210814 17:04:44.553"/>
</kw>
<kw name="Input Text" library="SeleniumLibrary">
<arg>${locator}</arg>
<arg>${text}</arg>
<doc>Types the given ``text`` into the text field identified by ``locator``.</doc>
<msg timestamp="20210814 17:04:44.554" level="INFO">Typing text '123456' into text field 'xPath=//input[@name='password']'.</msg>
<status status="PASS" starttime="20210814 17:04:44.553" endtime="20210814 17:04:44.630"/>
</kw>
<status status="PASS" starttime="20210814 17:04:44.532" endtime="20210814 17:04:44.630"/>
</kw>
<kw name="Wait And Click Element" library="Common">
<arg>${LOGIN_IPST.CONFIRMLOGIN.BTN}</arg>
<kw name="Wait Until Element Is Visible" library="SeleniumLibrary">
<arg>${element}</arg>
<doc>Waits until the element ``locator`` is visible.</doc>
<status status="PASS" starttime="20210814 17:04:44.632" endtime="20210814 17:04:44.661"/>
</kw>
<kw name="Click Element" library="SeleniumLibrary">
<arg>${element}</arg>
<doc>Click the element identified by ``locator``.</doc>
<msg timestamp="20210814 17:04:44.662" level="INFO">Clicking element 'xPath=//button[@class='chakra-button css-1rnuu6w']'.</msg>
<status status="PASS" starttime="20210814 17:04:44.661" endtime="20210814 17:04:44.721"/>
</kw>
<status status="PASS" starttime="20210814 17:04:44.631" endtime="20210814 17:04:44.721"/>
</kw>
<kw name="Close Browser" library="SeleniumLibrary" type="TEARDOWN">
<doc>Closes the current browser.</doc>
<status status="PASS" starttime="20210814 17:04:44.722" endtime="20210814 17:04:47.066"/>
</kw>
<status status="PASS" starttime="20210814 17:04:39.841" endtime="20210814 17:04:47.066"/>
</test>
<test id="s1-t2" name="Filled With Wrong Password">
<kw name="Open Browser" library="SeleniumLibrary" type="SETUP">
<arg>${URL_IPST}</arg>
<arg>chrome</arg>
<doc>Opens a new browser instance to the optional ``url``.</doc>
<msg timestamp="20210814 17:04:47.069" level="INFO">Opening browser 'chrome' to base url 'http://202.139.199.68:3000/'.</msg>
<status status="PASS" starttime="20210814 17:04:47.068" endtime="20210814 17:04:51.928"/>
</kw>
<kw name="Wait And Click Element" library="Common">
<arg>${LOGIN_IPST.LOGIN.BTN}</arg>
<kw name="Wait Until Element Is Visible" library="SeleniumLibrary">
<arg>${element}</arg>
<doc>Waits until the element ``locator`` is visible.</doc>
<status status="PASS" starttime="20210814 17:04:51.930" endtime="20210814 17:04:51.952"/>
</kw>
<kw name="Click Element" library="SeleniumLibrary">
<arg>${element}</arg>
<doc>Click the element identified by ``locator``.</doc>
<msg timestamp="20210814 17:04:51.953" level="INFO">Clicking element 'xPath=//button[@class='chakra-button css-11p5me7']'.</msg>
<status status="PASS" starttime="20210814 17:04:51.952" endtime="20210814 17:04:52.068"/>
</kw>
<status status="PASS" starttime="20210814 17:04:51.930" endtime="20210814 17:04:52.068"/>
</kw>
<kw name="Wait And Click Element" library="Common">
<arg>${LOGIN_IPST.EMAIL.BTN}</arg>
<kw name="Wait Until Element Is Visible" library="SeleniumLibrary">
<arg>${element}</arg>
<doc>Waits until the element ``locator`` is visible.</doc>
<status status="PASS" starttime="20210814 17:04:52.069" endtime="20210814 17:04:52.097"/>
</kw>
<kw name="Click Element" library="SeleniumLibrary">
<arg>${element}</arg>
<doc>Click the element identified by ``locator``.</doc>
<msg timestamp="20210814 17:04:52.097" level="INFO">Clicking element 'xPath=//button[@class='chakra-button css-fiehvx']'.</msg>
<status status="PASS" starttime="20210814 17:04:52.097" endtime="20210814 17:04:52.155"/>
</kw>
<status status="PASS" starttime="20210814 17:04:52.069" endtime="20210814 17:04:52.156"/>
</kw>
<kw name="Wait And Fill Text" library="Common">
<arg>${LOGIN_IPST.EMAIL.FIELD}</arg>
<arg>${LOGIN_EMAIL}</arg>
<kw name="Wait Until Element Is Visible" library="SeleniumLibrary">
<arg>${locator}</arg>
<doc>Waits until the element ``locator`` is visible.</doc>
<status status="PASS" starttime="20210814 17:04:52.157" endtime="20210814 17:04:52.182"/>
</kw>
<kw name="Input Text" library="SeleniumLibrary">
<arg>${locator}</arg>
<arg>${text}</arg>
<doc>Types the given ``text`` into the text field identified by ``locator``.</doc>
<msg timestamp="20210814 17:04:52.183" level="INFO">Typing text 'teacher@gmail.com' into text field 'xPath=//input[@name='email']'.</msg>
<status status="PASS" starttime="20210814 17:04:52.183" endtime="20210814 17:04:52.284"/>
</kw>
<status status="PASS" starttime="20210814 17:04:52.156" endtime="20210814 17:04:52.284"/>
</kw>
<kw name="Wait And Click Element" library="Common">
<arg>${LOGIN_IPST.CONFIRMLOGIN.BTN}</arg>
<kw name="Wait Until Element Is Visible" library="SeleniumLibrary">
<arg>${element}</arg>
<doc>Waits until the element ``locator`` is visible.</doc>
<status status="PASS" starttime="20210814 17:04:52.285" endtime="20210814 17:04:52.306"/>
</kw>
<kw name="Click Element" library="SeleniumLibrary">
<arg>${element}</arg>
<doc>Click the element identified by ``locator``.</doc>
<msg timestamp="20210814 17:04:52.306" level="INFO">Clicking element 'xPath=//button[@class='chakra-button css-1rnuu6w']'.</msg>
<status status="PASS" starttime="20210814 17:04:52.306" endtime="20210814 17:04:52.369"/>
</kw>
<status status="PASS" starttime="20210814 17:04:52.284" endtime="20210814 17:04:52.369"/>
</kw>
<kw name="Get Text" library="SeleniumLibrary">
<var>${error_msg}</var>
<arg>xPath=//div[@class='chakra-form__error-message css-zrexl5']</arg>
<doc>Returns the text value of the element identified by ``locator``.</doc>
<msg timestamp="20210814 17:04:52.396" level="INFO">${error_msg} = กรุณากรอกรหัสผ่าน</msg>
<status status="PASS" starttime="20210814 17:04:52.370" endtime="20210814 17:04:52.396"/>
</kw>
<kw name="Should Be Equal" library="BuiltIn">
<arg>${error_msg}</arg>
<arg>${ERROR_PASSWORD}</arg>
<doc>Fails if the given objects are unequal.</doc>
<status status="PASS" starttime="20210814 17:04:52.396" endtime="20210814 17:04:52.397"/>
</kw>
<kw name="Close Browser" library="SeleniumLibrary" type="TEARDOWN">
<doc>Closes the current browser.</doc>
<status status="PASS" starttime="20210814 17:04:52.397" endtime="20210814 17:04:54.692"/>
</kw>
<status status="PASS" starttime="20210814 17:04:47.068" endtime="20210814 17:04:54.693"/>
</test>
<status status="PASS" starttime="20210814 17:04:39.636" endtime="20210814 17:04:54.696"/>
</suite>
<statistics>
<total>
<stat pass="2" fail="0" skip="0">All Tests</stat>
</total>
<tag>
</tag>
<suite>
<stat pass="2" fail="0" skip="0" id="s1" name="Login IPST">Login IPST</stat>
</suite>
</statistics>
<errors>
<msg timestamp="20210814 17:04:39.837" level="WARN">Imported resource file 'D:\Work\สสวท\IPST-Project\Resources\Keywords\Pages\Login_IPST.resource' is empty.</msg>
</errors>
</robot>
